<!DOCTYPE html PUBLIC "-//W3C//DTD XHTML 1.1//EN" "http://www.w3.org/TR/xhtml11/DTD/xhtml11.dtd">
<html xmlns="http://www.w3.org/1999/xhtml"><head><title>TestNG Report</title><style type="text/css">table {margin-bottom:10px;border-collapse:collapse;empty-cells:show}th,td {border:1px solid #009;padding:.25em .5em}th {vertical-align:bottom}td {vertical-align:top}table a {font-weight:bold}.stripe td {background-color: #E6EBF9}.num {text-align:right}.passedodd td {background-color: #3F3}.passedeven td {background-color: #0A0}.skippedodd td {background-color: #DDD}.skippedeven td {background-color: #CCC}.failedodd td,.attn {background-color: #F33}.failedeven td,.stripe .attn {background-color: #D00}.stacktrace {white-space:pre;font-family:monospace}.totop {font-size:85%;text-align:center;border-bottom:2px solid #000}</style></head><body><table><tr><th>Test</th><th># Passed</th><th># Skipped</th><th># Failed</th><th>Time (ms)</th><th>Included Groups</th><th>Excluded Groups</th></tr><tr><th colspan="7">GmailScript Automation Test</th></tr><tr><td><a href="#t0">Signin Test</a></td><td class="num">1</td><td class="num">0</td><td class="num">0</td><td class="num">8,067</td><td></td><td></td></tr><tr class="stripe"><td><a href="#t1">Send Receive Email Test</a></td><td class="num">1</td><td class="num">0</td><td class="num">0</td><td class="num">6,727</td><td></td><td></td></tr><tr><td><a href="#t2">Draft Test</a></td><td class="num">1</td><td class="num">0</td><td class="num">0</td><td class="num">3,649</td><td></td><td></td></tr><tr class="stripe"><td><a href="#t3">Label Test</a></td><td class="num">1</td><td class="num">0</td><td class="num">0</td><td class="num">2,143</td><td></td><td></td></tr><tr><td><a href="#t4">Trash Test</a></td><td class="num">0</td><td class="num">0</td><td class="num attn">1</td><td class="num">21,205</td><td></td><td></td></tr><tr class="stripe"><td><a href="#t5">SignOut Test</a></td><td class="num">1</td><td class="num">0</td><td class="num">0</td><td class="num">2,309</td><td></td><td></td></tr><tr><th>Total</th><th class="num">5</th><th class="num">0</th><th class="num attn">1</th><th class="num">44,100</th><th colspan="2"></th></tr></table><table><thead><tr><th>Class</th><th>Method</th><th>Start</th><th>Time (ms)</th></tr></thead><tbody><tr><th colspan="4">GmailScript Automation Test</th></tr></tbody><tbody id="t0"><tr><th colspan="4">Signin Test &#8212; passed</th></tr><tr class="passedeven"><td rowspan="1">testcases.SigninTestCase</td><td><a href="#m0">loginTest</a></td><td rowspan="1">1443656247638</td><td rowspan="1">8042</td></tr></tbody><tbody id="t1"><tr><th colspan="4">Send Receive Email Test &#8212; passed</th></tr><tr class="passedeven"><td rowspan="1">testcases.SREmailTestCase</td><td><a href="#m1">SendReceiveEmail</a></td><td rowspan="1">1443656255711</td><td rowspan="1">6723</td></tr></tbody><tbody id="t2"><tr><th colspan="4">Draft Test &#8212; passed</th></tr><tr class="passedeven"><td rowspan="1">testcases.DraftTestCase</td><td><a href="#m2">draftEmail</a></td><td rowspan="1">1443656262443</td><td rowspan="1">3647</td></tr></tbody><tbody id="t3"><tr><th colspan="4">Label Test &#8212; passed</th></tr><tr class="passedeven"><td rowspan="1">testcases.LabelTestCase</td><td><a href="#m3">moveToLabel</a></td><td rowspan="1">1443656266117</td><td rowspan="1">2142</td></tr></tbody><tbody id="t4"><tr><th colspan="4">Trash Test &#8212; failed</th></tr><tr class="failedeven"><td rowspan="1">testcases.TrashTestCase</td><td><a href="#m4">trashEmail</a></td><td rowspan="1">1443656268266</td><td rowspan="1">21198</td></tr></tbody><tbody id="t5"><tr><th colspan="4">SignOut Test &#8212; passed</th></tr><tr class="passedeven"><td rowspan="1">testcases.SignOutTestCase</td><td><a href="#m5">SignOut</a></td><td rowspan="1">1443656289489</td><td rowspan="1">2304</td></tr></tbody></table><h2>Signin Test</h2><h3 id="m0">testcases.SigninTestCase#loginTest</h3><table class="result"><tr class="param"><th>Parameter #1</th></tr><tr class="param stripe"><td>maulik190@gmail.com</td></tr></table><p class="totop"><a href="#summary">back to summary</a></p><h2>Send Receive Email Test</h2><h3 id="m1">testcases.SREmailTestCase#SendReceiveEmail</h3><table class="result"></table><p class="totop"><a href="#summary">back to summary</a></p><h2>Draft Test</h2><h3 id="m2">testcases.DraftTestCase#draftEmail</h3><table class="result"></table><p class="totop"><a href="#summary">back to summary</a></p><h2>Label Test</h2><h3 id="m3">testcases.LabelTestCase#moveToLabel</h3><table class="result"></table><p class="totop"><a href="#summary">back to summary</a></p><h2>Trash Test</h2><h3 id="m4">testcases.TrashTestCase#trashEmail</h3><table class="result"><tr><th>Exception</th></tr><tr><td><div class="stacktrace">org.openqa.selenium.ElementNotVisibleException: Element is not currently visible and so may not be interacted with
Command duration or timeout: 20.22 seconds
Build info: version: &apos;2.47.1&apos;, revision: &apos;411b314&apos;, time: &apos;2015-07-30 02:56:46&apos;
System info: host: &apos;Maulik-PC&apos;, ip: &apos;10.20.0.31&apos;, os.name: &apos;Windows 7&apos;, os.arch: &apos;amd64&apos;, os.version: &apos;6.1&apos;, java.version: &apos;1.7.0_75&apos;
Session ID: f3b8e123-9799-447d-b574-a5f3a8cd5171
Driver info: org.openqa.selenium.firefox.FirefoxDriver
Capabilities [{platform=WINDOWS, acceptSslCerts=true, javascriptEnabled=true, cssSelectorsEnabled=true, databaseEnabled=true, browserName=firefox, handlesAlerts=true, nativeEvents=false, webStorageEnabled=true, rotatable=false, locationContextEnabled=true, applicationCacheEnabled=true, takesScreenshot=true, version=40.0.3}]
	at org.openqa.selenium.remote.ErrorHandler.createThrowable(ErrorHandler.java:206)
	at org.openqa.selenium.remote.ErrorHandler.throwIfResponseFailed(ErrorHandler.java:158)
	at org.openqa.selenium.remote.RemoteWebDriver.execute(RemoteWebDriver.java:595)
	at org.openqa.selenium.remote.RemoteWebElement.execute(RemoteWebElement.java:273)
	at org.openqa.selenium.remote.RemoteWebElement.click(RemoteWebElement.java:84)
	at testcases.TrashTestCase.trashEmail(TrashTestCase.java:39)
Caused by: org.openqa.selenium.ElementNotVisibleException: Element is not currently visible and so may not be interacted with
Build info: version: &apos;2.47.1&apos;, revision: &apos;411b314&apos;, time: &apos;2015-07-30 02:56:46&apos;
System info: host: &apos;Maulik-PC&apos;, ip: &apos;10.20.0.31&apos;, os.name: &apos;Windows 7&apos;, os.arch: &apos;amd64&apos;, os.version: &apos;6.1&apos;, java.version: &apos;1.7.0_75&apos;
Driver info: driver.version: unknown
	at &lt;anonymous class&gt;.fxdriver.preconditions.visible(file:///C:/Users/Maulik/AppData/Local/Temp/anonymous6545545655678520430webdriver-profile/extensions/fxdriver@googlecode.com/components/command-processor.js:9982)
	at &lt;anonymous class&gt;.DelayedCommand.prototype.checkPreconditions_(file:///C:/Users/Maulik/AppData/Local/Temp/anonymous6545545655678520430webdriver-profile/extensions/fxdriver@googlecode.com/components/command-processor.js:12626)
	at &lt;anonymous class&gt;.DelayedCommand.prototype.executeInternal_/h(file:///C:/Users/Maulik/AppData/Local/Temp/anonymous6545545655678520430webdriver-profile/extensions/fxdriver@googlecode.com/components/command-processor.js:12643)
	at &lt;anonymous class&gt;.fxdriver.Timer.prototype.setTimeout/&lt;.notify(file:///C:/Users/Maulik/AppData/Local/Temp/anonymous6545545655678520430webdriver-profile/extensions/fxdriver@googlecode.com/components/command-processor.js:623)
... Removed 28 stack frames</div></td></tr></table><p class="totop"><a href="#summary">back to summary</a></p><h2>SignOut Test</h2><h3 id="m5">testcases.SignOutTestCase#SignOut</h3><table class="result"><tr class="param"><th>Parameter #1</th></tr><tr class="param stripe"><td>maulik190@gmail.com</td></tr></table><p class="totop"><a href="#summary">back to summary</a></p></body></html>