<?xml version="1.0" encoding="UTF-8"?>
<testng-results skipped="0" failed="1" total="6" passed="5">
  <reporter-output>
  </reporter-output>
  <suite name="GmailScript Automation Test" duration-ms="44179" started-at="2015-09-30T23:37:27Z" finished-at="2015-09-30T23:38:11Z">
    <groups>
    </groups>
    <test name="Signin Test" duration-ms="8067" started-at="2015-09-30T23:37:27Z" finished-at="2015-09-30T23:37:35Z">
      <class name="testcases.SigninTestCase">
        <test-method status="PASS" signature="loginTest(java.lang.String)[pri:0, instance:testcases.SigninTestCase@37df4449]" name="loginTest" duration-ms="8042" started-at="2015-09-30T19:37:27Z" data-provider="getData" finished-at="2015-09-30T19:37:35Z">
          <params>
            <param index="0">
              <value>
                <![CDATA[maulik190@gmail.com]]>
              </value>
            </param>
          </params>
          <reporter-output>
          </reporter-output>
        </test-method> <!-- loginTest -->
      </class> <!-- testcases.SigninTestCase -->
    </test> <!-- Signin Test -->
    <test name="Send Receive Email Test" duration-ms="6727" started-at="2015-09-30T23:37:35Z" finished-at="2015-09-30T23:37:42Z">
      <class name="testcases.SREmailTestCase">
        <test-method status="PASS" signature="SendReceiveEmail()[pri:0, instance:testcases.SREmailTestCase@3e838c3a]" name="SendReceiveEmail" duration-ms="6723" started-at="2015-09-30T19:37:35Z" finished-at="2015-09-30T19:37:42Z">
          <reporter-output>
          </reporter-output>
        </test-method> <!-- SendReceiveEmail -->
      </class> <!-- testcases.SREmailTestCase -->
    </test> <!-- Send Receive Email Test -->
    <test name="Draft Test" duration-ms="3649" started-at="2015-09-30T23:37:42Z" finished-at="2015-09-30T23:37:46Z">
      <class name="testcases.DraftTestCase">
        <test-method status="PASS" signature="draftEmail()[pri:0, instance:testcases.DraftTestCase@3cc569fd]" name="draftEmail" duration-ms="3647" started-at="2015-09-30T19:37:42Z" finished-at="2015-09-30T19:37:46Z">
          <reporter-output>
          </reporter-output>
        </test-method> <!-- draftEmail -->
      </class> <!-- testcases.DraftTestCase -->
    </test> <!-- Draft Test -->
    <test name="Label Test" duration-ms="2143" started-at="2015-09-30T23:37:46Z" finished-at="2015-09-30T23:37:48Z">
      <class name="testcases.LabelTestCase">
        <test-method status="PASS" signature="moveToLabel()[pri:0, instance:testcases.LabelTestCase@63edf119]" name="moveToLabel" duration-ms="2142" started-at="2015-09-30T19:37:46Z" finished-at="2015-09-30T19:37:48Z">
          <reporter-output>
          </reporter-output>
        </test-method> <!-- moveToLabel -->
      </class> <!-- testcases.LabelTestCase -->
    </test> <!-- Label Test -->
    <test name="Trash Test" duration-ms="21205" started-at="2015-09-30T23:37:48Z" finished-at="2015-09-30T23:38:09Z">
      <class name="testcases.TrashTestCase">
        <test-method status="FAIL" signature="trashEmail()[pri:0, instance:testcases.TrashTestCase@58c2c549]" name="trashEmail" duration-ms="21198" started-at="2015-09-30T19:37:48Z" finished-at="2015-09-30T19:38:09Z">
          <exception class="org.openqa.selenium.ElementNotVisibleException">
            <message>
              <![CDATA[Element is not currently visible and so may not be interacted with
Command duration or timeout: 20.22 seconds
Build info: version: '2.47.1', revision: '411b314', time: '2015-07-30 02:56:46'
System info: host: 'Maulik-PC', ip: '10.20.0.31', os.name: 'Windows 7', os.arch: 'amd64', os.version: '6.1', java.version: '1.7.0_75'
Session ID: f3b8e123-9799-447d-b574-a5f3a8cd5171
Driver info: org.openqa.selenium.firefox.FirefoxDriver
Capabilities [{platform=WINDOWS, acceptSslCerts=true, javascriptEnabled=true, cssSelectorsEnabled=true, databaseEnabled=true, browserName=firefox, handlesAlerts=true, nativeEvents=false, webStorageEnabled=true, rotatable=false, locationContextEnabled=true, applicationCacheEnabled=true, takesScreenshot=true, version=40.0.3}]]]>
            </message>
            <full-stacktrace>
              <![CDATA[org.openqa.selenium.ElementNotVisibleException: Element is not currently visible and so may not be interacted with
Command duration or timeout: 20.22 seconds
Build info: version: '2.47.1', revision: '411b314', time: '2015-07-30 02:56:46'
System info: host: 'Maulik-PC', ip: '10.20.0.31', os.name: 'Windows 7', os.arch: 'amd64', os.version: '6.1', java.version: '1.7.0_75'
Session ID: f3b8e123-9799-447d-b574-a5f3a8cd5171
Driver info: org.openqa.selenium.firefox.FirefoxDriver
Capabilities [{platform=WINDOWS, acceptSslCerts=true, javascriptEnabled=true, cssSelectorsEnabled=true, databaseEnabled=true, browserName=firefox, handlesAlerts=true, nativeEvents=false, webStorageEnabled=true, rotatable=false, locationContextEnabled=true, applicationCacheEnabled=true, takesScreenshot=true, version=40.0.3}]
	at sun.reflect.NativeConstructorAccessorImpl.newInstance0(Native Method)
	at sun.reflect.NativeConstructorAccessorImpl.newInstance(NativeConstructorAccessorImpl.java:57)
	at sun.reflect.DelegatingConstructorAccessorImpl.newInstance(DelegatingConstructorAccessorImpl.java:45)
	at java.lang.reflect.Constructor.newInstance(Constructor.java:526)
	at org.openqa.selenium.remote.ErrorHandler.createThrowable(ErrorHandler.java:206)
	at org.openqa.selenium.remote.ErrorHandler.throwIfResponseFailed(ErrorHandler.java:158)
	at org.openqa.selenium.remote.RemoteWebDriver.execute(RemoteWebDriver.java:595)
	at org.openqa.selenium.remote.RemoteWebElement.execute(RemoteWebElement.java:273)
	at org.openqa.selenium.remote.RemoteWebElement.click(RemoteWebElement.java:84)
	at testcases.TrashTestCase.trashEmail(TrashTestCase.java:39)
	at sun.reflect.NativeMethodAccessorImpl.invoke0(Native Method)
	at sun.reflect.NativeMethodAccessorImpl.invoke(NativeMethodAccessorImpl.java:57)
	at sun.reflect.DelegatingMethodAccessorImpl.invoke(DelegatingMethodAccessorImpl.java:43)
	at java.lang.reflect.Method.invoke(Method.java:606)
	at org.testng.internal.MethodInvocationHelper.invokeMethod(MethodInvocationHelper.java:85)
	at org.testng.internal.Invoker.invokeMethod(Invoker.java:639)
	at org.testng.internal.Invoker.invokeTestMethod(Invoker.java:816)
	at org.testng.internal.Invoker.invokeTestMethods(Invoker.java:1124)
	at org.testng.internal.TestMethodWorker.invokeTestMethods(TestMethodWorker.java:124)
	at org.testng.internal.TestMethodWorker.run(TestMethodWorker.java:108)
	at org.testng.TestRunner.privateRun(TestRunner.java:773)
	at org.testng.TestRunner.run(TestRunner.java:623)
	at org.testng.SuiteRunner.runTest(SuiteRunner.java:359)
	at org.testng.SuiteRunner.runSequentially(SuiteRunner.java:354)
	at org.testng.SuiteRunner.privateRun(SuiteRunner.java:312)
	at org.testng.SuiteRunner.run(SuiteRunner.java:261)
	at org.testng.SuiteRunnerWorker.runSuite(SuiteRunnerWorker.java:52)
	at org.testng.SuiteRunnerWorker.run(SuiteRunnerWorker.java:86)
	at org.testng.TestNG.runSuitesSequentially(TestNG.java:1185)
	at org.testng.TestNG.runSuitesLocally(TestNG.java:1110)
	at org.testng.TestNG.run(TestNG.java:1018)
	at org.testng.remote.RemoteTestNG.run(RemoteTestNG.java:112)
	at org.testng.remote.RemoteTestNG.initAndRun(RemoteTestNG.java:205)
	at org.testng.remote.RemoteTestNG.main(RemoteTestNG.java:176)
Caused by: org.openqa.selenium.ElementNotVisibleException: Element is not currently visible and so may not be interacted with
Build info: version: '2.47.1', revision: '411b314', time: '2015-07-30 02:56:46'
System info: host: 'Maulik-PC', ip: '10.20.0.31', os.name: 'Windows 7', os.arch: 'amd64', os.version: '6.1', java.version: '1.7.0_75'
Driver info: driver.version: unknown
	at <anonymous class>.fxdriver.preconditions.visible(file:///C:/Users/Maulik/AppData/Local/Temp/anonymous6545545655678520430webdriver-profile/extensions/fxdriver@googlecode.com/components/command-processor.js:9982)
	at <anonymous class>.DelayedCommand.prototype.checkPreconditions_(file:///C:/Users/Maulik/AppData/Local/Temp/anonymous6545545655678520430webdriver-profile/extensions/fxdriver@googlecode.com/components/command-processor.js:12626)
	at <anonymous class>.DelayedCommand.prototype.executeInternal_/h(file:///C:/Users/Maulik/AppData/Local/Temp/anonymous6545545655678520430webdriver-profile/extensions/fxdriver@googlecode.com/components/command-processor.js:12643)
	at <anonymous class>.fxdriver.Timer.prototype.setTimeout/<.notify(file:///C:/Users/Maulik/AppData/Local/Temp/anonymous6545545655678520430webdriver-profile/extensions/fxdriver@googlecode.com/components/command-processor.js:623)
]]>
            </full-stacktrace>
          </exception> <!-- org.openqa.selenium.ElementNotVisibleException -->
          <reporter-output>
          </reporter-output>
        </test-method> <!-- trashEmail -->
      </class> <!-- testcases.TrashTestCase -->
    </test> <!-- Trash Test -->
    <test name="SignOut Test" duration-ms="2309" started-at="2015-09-30T23:38:09Z" finished-at="2015-09-30T23:38:11Z">
      <class name="testcases.SignOutTestCase">
        <test-method status="PASS" signature="setUp()[pri:0, instance:testcases.SignOutTestCase@5f556649]" name="setUp" is-config="true" duration-ms="6878" started-at="2015-09-30T19:37:20Z" finished-at="2015-09-30T19:37:27Z">
          <reporter-output>
          </reporter-output>
        </test-method> <!-- setUp -->
        <test-method status="PASS" signature="SignOut(java.lang.String)[pri:0, instance:testcases.SignOutTestCase@5f556649]" name="SignOut" duration-ms="2304" started-at="2015-09-30T19:38:09Z" data-provider="getData" finished-at="2015-09-30T19:38:11Z">
          <params>
            <param index="0">
              <value>
                <![CDATA[maulik190@gmail.com]]>
              </value>
            </param>
          </params>
          <reporter-output>
          </reporter-output>
        </test-method> <!-- SignOut -->
        <test-method status="PASS" signature="tearDown()[pri:0, instance:testcases.SignOutTestCase@5f556649]" name="tearDown" is-config="true" duration-ms="1" started-at="2015-09-30T19:38:11Z" finished-at="2015-09-30T19:38:11Z">
          <reporter-output>
          </reporter-output>
        </test-method> <!-- tearDown -->
      </class> <!-- testcases.SignOutTestCase -->
    </test> <!-- SignOut Test -->
  </suite> <!-- GmailScript Automation Test -->
</testng-results>
